[Tue May 07 22:54:59.759308 2024] [ssl:warn] [pid 5828:tid 404] AH01909: www.example.com:443:0 server certificate does NOT include an ID which matches the server name
[Tue May 07 22:54:59.839474 2024] [ssl:warn] [pid 5828:tid 404] AH01909: www.example.com:443:0 server certificate does NOT include an ID which matches the server name
[Tue May 07 22:55:00.115535 2024] [mpm_winnt:notice] [pid 5828:tid 404] AH00455: Apache/2.4.58 (Win64) OpenSSL/3.1.3 PHP/8.2.12 configured -- resuming normal operations
[Tue May 07 22:55:00.115535 2024] [mpm_winnt:notice] [pid 5828:tid 404] AH00456: Apache Lounge VS17 Server built: Oct 18 2023 13:03:18
[Tue May 07 22:55:00.115535 2024] [core:notice] [pid 5828:tid 404] AH00094: Command line: 'c:\\xampp\\apache\\bin\\httpd.exe -d C:/xampp/apache'
[Tue May 07 22:55:00.124280 2024] [mpm_winnt:notice] [pid 5828:tid 404] AH00418: Parent: Created child process 11888
[Tue May 07 22:55:00.725136 2024] [ssl:warn] [pid 11888:tid 380] AH01909: www.example.com:443:0 server certificate does NOT include an ID which matches the server name
[Tue May 07 22:55:00.783059 2024] [ssl:warn] [pid 11888:tid 380] AH01909: www.example.com:443:0 server certificate does NOT include an ID which matches the server name
[Tue May 07 22:55:00.829931 2024] [mpm_winnt:notice] [pid 11888:tid 380] AH00354: Child: Starting 150 worker threads.
[Tue May 07 23:03:13.900537 2024] [php:notice] [pid 11888:tid 1916] [client ::1:58642] PHP Notice:  session_start(): Ignoring session_start() because a session is already active in C:\\xampp\\htdocs\\phplogin\\index.php on line 24, referer: http://localhost:8080/phplogin/index.php
[Wed May 08 00:00:42.335539 2024] [ssl:warn] [pid 14652:tid 380] AH01909: www.example.com:443:0 server certificate does NOT include an ID which matches the server name
[Wed May 08 00:00:42.367902 2024] [core:warn] [pid 14652:tid 380] AH00098: pid file C:/xampp/apache/logs/httpd.pid overwritten -- Unclean shutdown of previous Apache run?
[Wed May 08 00:00:42.374637 2024] [ssl:warn] [pid 14652:tid 380] AH01909: www.example.com:443:0 server certificate does NOT include an ID which matches the server name
[Wed May 08 00:00:42.401129 2024] [mpm_winnt:notice] [pid 14652:tid 380] AH00455: Apache/2.4.58 (Win64) OpenSSL/3.1.3 PHP/8.2.12 configured -- resuming normal operations
[Wed May 08 00:00:42.401129 2024] [mpm_winnt:notice] [pid 14652:tid 380] AH00456: Apache Lounge VS17 Server built: Oct 18 2023 13:03:18
[Wed May 08 00:00:42.401129 2024] [core:notice] [pid 14652:tid 380] AH00094: Command line: 'c:\\xampp\\apache\\bin\\httpd.exe -d C:/xampp/apache'
[Wed May 08 00:00:42.410586 2024] [mpm_winnt:notice] [pid 14652:tid 380] AH00418: Parent: Created child process 6596
[Wed May 08 00:00:42.747422 2024] [ssl:warn] [pid 6596:tid 376] AH01909: www.example.com:443:0 server certificate does NOT include an ID which matches the server name
[Wed May 08 00:00:42.777475 2024] [ssl:warn] [pid 6596:tid 376] AH01909: www.example.com:443:0 server certificate does NOT include an ID which matches the server name
[Wed May 08 00:00:42.808853 2024] [mpm_winnt:notice] [pid 6596:tid 376] AH00354: Child: Starting 150 worker threads.
[Wed May 08 13:39:49.343755 2024] [ssl:warn] [pid 7220:tid 364] AH01909: www.example.com:443:0 server certificate does NOT include an ID which matches the server name
[Wed May 08 13:39:49.380173 2024] [core:warn] [pid 7220:tid 364] AH00098: pid file C:/xampp/apache/logs/httpd.pid overwritten -- Unclean shutdown of previous Apache run?
[Wed May 08 13:39:49.388781 2024] [ssl:warn] [pid 7220:tid 364] AH01909: www.example.com:443:0 server certificate does NOT include an ID which matches the server name
[Wed May 08 13:39:49.785820 2024] [mpm_winnt:notice] [pid 7220:tid 364] AH00455: Apache/2.4.58 (Win64) OpenSSL/3.1.3 PHP/8.2.12 configured -- resuming normal operations
[Wed May 08 13:39:49.785820 2024] [mpm_winnt:notice] [pid 7220:tid 364] AH00456: Apache Lounge VS17 Server built: Oct 18 2023 13:03:18
[Wed May 08 13:39:49.785820 2024] [core:notice] [pid 7220:tid 364] AH00094: Command line: 'c:\\xampp\\apache\\bin\\httpd.exe -d C:/xampp/apache'
[Wed May 08 13:39:49.794079 2024] [mpm_winnt:notice] [pid 7220:tid 364] AH00418: Parent: Created child process 6216
[Wed May 08 13:39:50.059564 2024] [ssl:warn] [pid 6216:tid 352] AH01909: www.example.com:443:0 server certificate does NOT include an ID which matches the server name
[Wed May 08 13:39:50.103163 2024] [ssl:warn] [pid 6216:tid 352] AH01909: www.example.com:443:0 server certificate does NOT include an ID which matches the server name
[Wed May 08 13:39:50.134463 2024] [mpm_winnt:notice] [pid 6216:tid 352] AH00354: Child: Starting 150 worker threads.
[Thu May 09 00:01:27.341394 2024] [ssl:warn] [pid 12712:tid 396] AH01909: www.example.com:443:0 server certificate does NOT include an ID which matches the server name
[Thu May 09 00:01:27.374506 2024] [core:warn] [pid 12712:tid 396] AH00098: pid file C:/xampp/apache/logs/httpd.pid overwritten -- Unclean shutdown of previous Apache run?
[Thu May 09 00:01:27.374506 2024] [ssl:warn] [pid 12712:tid 396] AH01909: www.example.com:443:0 server certificate does NOT include an ID which matches the server name
[Thu May 09 00:01:27.690510 2024] [mpm_winnt:notice] [pid 12712:tid 396] AH00455: Apache/2.4.58 (Win64) OpenSSL/3.1.3 PHP/8.2.12 configured -- resuming normal operations
[Thu May 09 00:01:27.690510 2024] [mpm_winnt:notice] [pid 12712:tid 396] AH00456: Apache Lounge VS17 Server built: Oct 18 2023 13:03:18
[Thu May 09 00:01:27.690510 2024] [core:notice] [pid 12712:tid 396] AH00094: Command line: 'c:\\xampp\\apache\\bin\\httpd.exe -d C:/xampp/apache'
[Thu May 09 00:01:27.706894 2024] [mpm_winnt:notice] [pid 12712:tid 396] AH00418: Parent: Created child process 17656
[Thu May 09 00:01:28.072514 2024] [ssl:warn] [pid 17656:tid 372] AH01909: www.example.com:443:0 server certificate does NOT include an ID which matches the server name
[Thu May 09 00:01:28.094763 2024] [ssl:warn] [pid 17656:tid 372] AH01909: www.example.com:443:0 server certificate does NOT include an ID which matches the server name
[Thu May 09 00:01:28.123889 2024] [mpm_winnt:notice] [pid 17656:tid 372] AH00354: Child: Starting 150 worker threads.
[Thu May 09 00:12:22.615618 2024] [php:notice] [pid 17656:tid 1876] [client ::1:55476] PHP Notice:  session_start(): Ignoring session_start() because a session is already active in C:\\xampp\\htdocs\\phplogin\\index.php on line 24, referer: http://localhost:8080/phplogin/index.php
[Thu May 09 13:47:11.979728 2024] [ssl:warn] [pid 14552:tid 360] AH01909: www.example.com:443:0 server certificate does NOT include an ID which matches the server name
[Thu May 09 13:47:12.013516 2024] [core:warn] [pid 14552:tid 360] AH00098: pid file C:/xampp/apache/logs/httpd.pid overwritten -- Unclean shutdown of previous Apache run?
[Thu May 09 13:47:12.013516 2024] [ssl:warn] [pid 14552:tid 360] AH01909: www.example.com:443:0 server certificate does NOT include an ID which matches the server name
[Thu May 09 13:47:12.373774 2024] [mpm_winnt:notice] [pid 14552:tid 360] AH00455: Apache/2.4.58 (Win64) OpenSSL/3.1.3 PHP/8.2.12 configured -- resuming normal operations
[Thu May 09 13:47:12.373774 2024] [mpm_winnt:notice] [pid 14552:tid 360] AH00456: Apache Lounge VS17 Server built: Oct 18 2023 13:03:18
[Thu May 09 13:47:12.373774 2024] [core:notice] [pid 14552:tid 360] AH00094: Command line: 'c:\\xampp\\apache\\bin\\httpd.exe -d C:/xampp/apache'
[Thu May 09 13:47:12.382089 2024] [mpm_winnt:notice] [pid 14552:tid 360] AH00418: Parent: Created child process 11332
[Thu May 09 13:47:12.647809 2024] [ssl:warn] [pid 11332:tid 372] AH01909: www.example.com:443:0 server certificate does NOT include an ID which matches the server name
[Thu May 09 13:47:12.678997 2024] [ssl:warn] [pid 11332:tid 372] AH01909: www.example.com:443:0 server certificate does NOT include an ID which matches the server name
[Thu May 09 13:47:12.699470 2024] [mpm_winnt:notice] [pid 11332:tid 372] AH00354: Child: Starting 150 worker threads.
[Thu May 09 13:47:33.412977 2024] [php:error] [pid 11332:tid 1884] [client ::1:57842] PHP Fatal error:  Uncaught mysqli_sql_exception: No connection could be made because the target machine actively refused it in C:\\xampp\\htdocs\\phplogin\\connection.php:7\nStack trace:\n#0 C:\\xampp\\htdocs\\phplogin\\connection.php(7): mysqli->__construct('localhost', 'root', Object(SensitiveParameterValue), 'phplogin')\n#1 C:\\xampp\\htdocs\\phplogin\\index.php(11): include('C:\\\\xampp\\\\htdocs...')\n#2 {main}\n  thrown in C:\\xampp\\htdocs\\phplogin\\connection.php on line 7
[Thu May 09 13:51:24.055631 2024] [ssl:warn] [pid 13360:tid 356] AH01909: www.example.com:443:0 server certificate does NOT include an ID which matches the server name
[Thu May 09 13:51:24.086028 2024] [core:warn] [pid 13360:tid 356] AH00098: pid file C:/xampp/apache/logs/httpd.pid overwritten -- Unclean shutdown of previous Apache run?
[Thu May 09 13:51:24.086028 2024] [ssl:warn] [pid 13360:tid 356] AH01909: www.example.com:443:0 server certificate does NOT include an ID which matches the server name
[Thu May 09 13:51:24.117342 2024] [mpm_winnt:notice] [pid 13360:tid 356] AH00455: Apache/2.4.58 (Win64) OpenSSL/3.1.3 PHP/8.2.12 configured -- resuming normal operations
[Thu May 09 13:51:24.117342 2024] [mpm_winnt:notice] [pid 13360:tid 356] AH00456: Apache Lounge VS17 Server built: Oct 18 2023 13:03:18
[Thu May 09 13:51:24.117342 2024] [core:notice] [pid 13360:tid 356] AH00094: Command line: 'c:\\xampp\\apache\\bin\\httpd.exe -d C:/xampp/apache'
[Thu May 09 13:51:24.117342 2024] [mpm_winnt:notice] [pid 13360:tid 356] AH00418: Parent: Created child process 3648
[Thu May 09 13:51:24.375009 2024] [ssl:warn] [pid 3648:tid 364] AH01909: www.example.com:443:0 server certificate does NOT include an ID which matches the server name
[Thu May 09 13:51:24.405251 2024] [ssl:warn] [pid 3648:tid 364] AH01909: www.example.com:443:0 server certificate does NOT include an ID which matches the server name
[Thu May 09 13:51:24.449927 2024] [mpm_winnt:notice] [pid 3648:tid 364] AH00354: Child: Starting 150 worker threads.
[Thu May 09 14:04:09.594662 2024] [php:notice] [pid 3648:tid 1880] [client ::1:61484] PHP Notice:  session_start(): Ignoring session_start() because a session is already active in C:\\xampp\\htdocs\\phplogin\\index.php on line 24, referer: http://localhost:8080/phplogin/index.php
[Thu May 09 14:16:42.137543 2024] [php:notice] [pid 3648:tid 1864] [client ::1:62359] PHP Notice:  session_start(): Ignoring session_start() because a session is already active in C:\\xampp\\htdocs\\phplogin\\index.php on line 24, referer: http://localhost:8080/phplogin/
[Thu May 09 14:37:13.352844 2024] [ssl:warn] [pid 7840:tid 376] AH01909: www.example.com:443:0 server certificate does NOT include an ID which matches the server name
[Thu May 09 14:37:13.393661 2024] [core:warn] [pid 7840:tid 376] AH00098: pid file C:/xampp/apache/logs/httpd.pid overwritten -- Unclean shutdown of previous Apache run?
[Thu May 09 14:37:13.395909 2024] [ssl:warn] [pid 7840:tid 376] AH01909: www.example.com:443:0 server certificate does NOT include an ID which matches the server name
[Thu May 09 14:37:13.736702 2024] [mpm_winnt:notice] [pid 7840:tid 376] AH00455: Apache/2.4.58 (Win64) OpenSSL/3.1.3 PHP/8.2.12 configured -- resuming normal operations
[Thu May 09 14:37:13.736702 2024] [mpm_winnt:notice] [pid 7840:tid 376] AH00456: Apache Lounge VS17 Server built: Oct 18 2023 13:03:18
[Thu May 09 14:37:13.736702 2024] [core:notice] [pid 7840:tid 376] AH00094: Command line: 'c:\\xampp\\apache\\bin\\httpd.exe -d C:/xampp/apache'
[Thu May 09 14:37:13.737904 2024] [mpm_winnt:notice] [pid 7840:tid 376] AH00418: Parent: Created child process 12456
[Thu May 09 14:37:14.021315 2024] [ssl:warn] [pid 12456:tid 356] AH01909: www.example.com:443:0 server certificate does NOT include an ID which matches the server name
[Thu May 09 14:37:14.055554 2024] [ssl:warn] [pid 12456:tid 356] AH01909: www.example.com:443:0 server certificate does NOT include an ID which matches the server name
[Thu May 09 14:37:14.088249 2024] [mpm_winnt:notice] [pid 12456:tid 356] AH00354: Child: Starting 150 worker threads.
