2024-05-07 22:35:52 0 [Note] Starting MariaDB 10.4.32-MariaDB source revision c4143f909528e3fab0677a28631d10389354c491 as process 7080
2024-05-07 22:35:52 0 [Note] InnoDB: Mutexes and rw_locks use Windows interlocked functions
2024-05-07 22:35:52 0 [Note] InnoDB: Uses event mutexes
2024-05-07 22:35:52 0 [Note] InnoDB: Compressed tables use zlib 1.3
2024-05-07 22:35:52 0 [Note] InnoDB: Number of pools: 1
2024-05-07 22:35:52 0 [Note] InnoDB: Using SSE2 crc32 instructions
2024-05-07 22:35:52 0 [Note] InnoDB: Initializing buffer pool, total size = 16M, instances = 1, chunk size = 16M
2024-05-07 22:35:52 0 [Note] InnoDB: Completed initialization of buffer pool
2024-05-07 22:35:52 0 [Note] InnoDB: Starting crash recovery from checkpoint LSN=300288
2024-05-07 22:35:52 0 [Note] InnoDB: 128 out of 128 rollback segments are active.
2024-05-07 22:35:52 0 [Note] InnoDB: Removed temporary tablespace data file: "ibtmp1"
2024-05-07 22:35:52 0 [Note] InnoDB: Creating shared tablespace for temporary tables
2024-05-07 22:35:52 0 [Note] InnoDB: Setting file 'C:\xampp\mysql\data\ibtmp1' size to 12 MB. Physically writing the file full; Please wait ...
2024-05-07 22:35:52 0 [Note] InnoDB: File 'C:\xampp\mysql\data\ibtmp1' size is now 12 MB.
2024-05-07 22:35:52 0 [Note] InnoDB: Waiting for purge to start
2024-05-07 22:35:52 0 [Note] InnoDB: 10.4.32 started; log sequence number 300297; transaction id 170
2024-05-07 22:35:52 0 [Note] InnoDB: Loading buffer pool(s) from C:\xampp\mysql\data\ib_buffer_pool
2024-05-07 22:35:52 0 [Note] Plugin 'FEEDBACK' is disabled.
2024-05-07 22:35:52 0 [Note] Server socket created on IP: '::'.
2024-05-07 23:03:49 0 [Note] Starting MariaDB 10.4.32-MariaDB source revision c4143f909528e3fab0677a28631d10389354c491 as process 580
2024-05-07 23:03:49 0 [Note] mysqld.exe: Aria engine: starting recovery
recovered pages: 0% 100% (0.0 seconds); tables to flush: 1 0
 (0.0 seconds); 
2024-05-07 23:03:49 0 [Note] mysqld.exe: Aria engine: recovery done
2024-05-07 23:03:49 0 [Note] InnoDB: Mutexes and rw_locks use Windows interlocked functions
2024-05-07 23:03:49 0 [Note] InnoDB: Uses event mutexes
2024-05-07 23:03:49 0 [Note] InnoDB: Compressed tables use zlib 1.3
2024-05-07 23:03:49 0 [Note] InnoDB: Number of pools: 1
2024-05-07 23:03:49 0 [Note] InnoDB: Using SSE2 crc32 instructions
2024-05-07 23:03:49 0 [Note] InnoDB: Initializing buffer pool, total size = 16M, instances = 1, chunk size = 16M
2024-05-07 23:03:49 0 [Note] InnoDB: Completed initialization of buffer pool
2024-05-07 23:03:49 0 [Note] InnoDB: Starting crash recovery from checkpoint LSN=307353
2024-05-07 23:03:49 0 [Note] InnoDB: 128 out of 128 rollback segments are active.
2024-05-07 23:03:49 0 [Note] InnoDB: Removed temporary tablespace data file: "ibtmp1"
2024-05-07 23:03:49 0 [Note] InnoDB: Creating shared tablespace for temporary tables
2024-05-07 23:03:49 0 [Note] InnoDB: Setting file 'C:\xampp\mysql\data\ibtmp1' size to 12 MB. Physically writing the file full; Please wait ...
2024-05-07 23:03:49 0 [Note] InnoDB: File 'C:\xampp\mysql\data\ibtmp1' size is now 12 MB.
2024-05-07 23:03:49 0 [Note] InnoDB: Waiting for purge to start
2024-05-07 23:03:49 0 [Note] InnoDB: 10.4.32 started; log sequence number 307362; transaction id 204
2024-05-07 23:03:49 0 [Note] InnoDB: Loading buffer pool(s) from C:\xampp\mysql\data\ib_buffer_pool
2024-05-07 23:03:49 0 [Note] Plugin 'FEEDBACK' is disabled.
2024-05-07 23:03:49 0 [Note] Server socket created on IP: '::'.
2024-05-07 23:04:04 0 [Note] Starting MariaDB 10.4.32-MariaDB source revision c4143f909528e3fab0677a28631d10389354c491 as process 11368
2024-05-07 23:04:04 0 [Note] InnoDB: Mutexes and rw_locks use Windows interlocked functions
2024-05-07 23:04:04 0 [Note] InnoDB: Uses event mutexes
2024-05-07 23:04:04 0 [Note] InnoDB: Compressed tables use zlib 1.3
2024-05-07 23:04:04 0 [Note] InnoDB: Number of pools: 1
2024-05-07 23:04:04 0 [Note] InnoDB: Using SSE2 crc32 instructions
2024-05-07 23:04:04 0 [Note] InnoDB: Initializing buffer pool, total size = 16M, instances = 1, chunk size = 16M
2024-05-07 23:04:04 0 [Note] InnoDB: Completed initialization of buffer pool
2024-05-07 23:04:04 0 [Note] InnoDB: Starting crash recovery from checkpoint LSN=307371
2024-05-07 23:04:05 0 [Note] InnoDB: 128 out of 128 rollback segments are active.
2024-05-07 23:04:05 0 [Note] InnoDB: Removed temporary tablespace data file: "ibtmp1"
2024-05-07 23:04:05 0 [Note] InnoDB: Creating shared tablespace for temporary tables
2024-05-07 23:04:05 0 [Note] InnoDB: Setting file 'C:\xampp\mysql\data\ibtmp1' size to 12 MB. Physically writing the file full; Please wait ...
2024-05-07 23:04:05 0 [Note] InnoDB: File 'C:\xampp\mysql\data\ibtmp1' size is now 12 MB.
2024-05-07 23:04:05 0 [Note] InnoDB: Waiting for purge to start
2024-05-07 23:04:05 0 [Note] InnoDB: 10.4.32 started; log sequence number 307380; transaction id 204
2024-05-07 23:04:05 0 [Note] InnoDB: Loading buffer pool(s) from C:\xampp\mysql\data\ib_buffer_pool
2024-05-07 23:04:05 0 [Note] Plugin 'FEEDBACK' is disabled.
2024-05-07 23:04:05 0 [Note] Server socket created on IP: '::'.
2024-05-08  0:00:44 0 [Note] Starting MariaDB 10.4.32-MariaDB source revision c4143f909528e3fab0677a28631d10389354c491 as process 1952
2024-05-08  0:00:44 0 [Note] InnoDB: Mutexes and rw_locks use Windows interlocked functions
2024-05-08  0:00:44 0 [Note] InnoDB: Uses event mutexes
2024-05-08  0:00:44 0 [Note] InnoDB: Compressed tables use zlib 1.3
2024-05-08  0:00:44 0 [Note] InnoDB: Number of pools: 1
2024-05-08  0:00:44 0 [Note] InnoDB: Using SSE2 crc32 instructions
2024-05-08  0:00:44 0 [Note] InnoDB: Initializing buffer pool, total size = 16M, instances = 1, chunk size = 16M
2024-05-08  0:00:44 0 [Note] InnoDB: Completed initialization of buffer pool
2024-05-08  0:00:44 0 [Note] InnoDB: Starting crash recovery from checkpoint LSN=307690
2024-05-08  0:00:44 0 [Note] InnoDB: 128 out of 128 rollback segments are active.
2024-05-08  0:00:44 0 [Note] InnoDB: Removed temporary tablespace data file: "ibtmp1"
2024-05-08  0:00:44 0 [Note] InnoDB: Creating shared tablespace for temporary tables
2024-05-08  0:00:44 0 [Note] InnoDB: Setting file 'C:\xampp\mysql\data\ibtmp1' size to 12 MB. Physically writing the file full; Please wait ...
2024-05-08  0:00:44 0 [Note] InnoDB: File 'C:\xampp\mysql\data\ibtmp1' size is now 12 MB.
2024-05-08  0:00:44 0 [Note] InnoDB: Waiting for purge to start
2024-05-08  0:00:45 0 [Note] InnoDB: 10.4.32 started; log sequence number 307699; transaction id 227
2024-05-08  0:00:45 0 [Note] InnoDB: Loading buffer pool(s) from C:\xampp\mysql\data\ib_buffer_pool
2024-05-08  0:00:45 0 [Note] Plugin 'FEEDBACK' is disabled.
2024-05-08  0:00:45 0 [Note] Server socket created on IP: '::'.
2024-05-08 13:39:49 0 [Note] Starting MariaDB 10.4.32-MariaDB source revision c4143f909528e3fab0677a28631d10389354c491 as process 17812
2024-05-08 13:39:49 0 [Note] InnoDB: Mutexes and rw_locks use Windows interlocked functions
2024-05-08 13:39:49 0 [Note] InnoDB: Uses event mutexes
2024-05-08 13:39:49 0 [Note] InnoDB: Compressed tables use zlib 1.3
2024-05-08 13:39:49 0 [Note] InnoDB: Number of pools: 1
2024-05-08 13:39:49 0 [Note] InnoDB: Using SSE2 crc32 instructions
2024-05-08 13:39:49 0 [Note] InnoDB: Initializing buffer pool, total size = 16M, instances = 1, chunk size = 16M
2024-05-08 13:39:49 0 [Note] InnoDB: Completed initialization of buffer pool
2024-05-08 13:39:49 0 [Note] InnoDB: Starting crash recovery from checkpoint LSN=308180
2024-05-08 13:39:49 0 [Note] InnoDB: 128 out of 128 rollback segments are active.
2024-05-08 13:39:49 0 [Note] InnoDB: Removed temporary tablespace data file: "ibtmp1"
2024-05-08 13:39:49 0 [Note] InnoDB: Creating shared tablespace for temporary tables
2024-05-08 13:39:49 0 [Note] InnoDB: Setting file 'C:\xampp\mysql\data\ibtmp1' size to 12 MB. Physically writing the file full; Please wait ...
2024-05-08 13:39:49 0 [Note] InnoDB: File 'C:\xampp\mysql\data\ibtmp1' size is now 12 MB.
2024-05-08 13:39:49 0 [Note] InnoDB: Waiting for purge to start
2024-05-08 13:39:49 0 [Note] InnoDB: 10.4.32 started; log sequence number 308189; transaction id 250
2024-05-08 13:39:49 0 [Note] InnoDB: Loading buffer pool(s) from C:\xampp\mysql\data\ib_buffer_pool
2024-05-08 13:39:49 0 [Note] Plugin 'FEEDBACK' is disabled.
2024-05-08 13:39:49 0 [Note] Server socket created on IP: '::'.
2024-05-08 13:39:53 0 [Note] Starting MariaDB 10.4.32-MariaDB source revision c4143f909528e3fab0677a28631d10389354c491 as process 404
2024-05-08 13:39:53 0 [Note] InnoDB: Mutexes and rw_locks use Windows interlocked functions
2024-05-08 13:39:53 0 [Note] InnoDB: Uses event mutexes
2024-05-08 13:39:53 0 [Note] InnoDB: Compressed tables use zlib 1.3
2024-05-08 13:39:53 0 [Note] InnoDB: Number of pools: 1
2024-05-08 13:39:53 0 [Note] InnoDB: Using SSE2 crc32 instructions
2024-05-08 13:39:53 0 [Note] InnoDB: Initializing buffer pool, total size = 16M, instances = 1, chunk size = 16M
2024-05-08 13:39:53 0 [Note] InnoDB: Completed initialization of buffer pool
2024-05-08 13:39:53 0 [Note] InnoDB: Starting crash recovery from checkpoint LSN=308180
2024-05-08 13:39:53 0 [Note] InnoDB: 128 out of 128 rollback segments are active.
2024-05-08 13:39:53 0 [Note] InnoDB: Removed temporary tablespace data file: "ibtmp1"
2024-05-08 13:39:53 0 [Note] InnoDB: Creating shared tablespace for temporary tables
2024-05-08 13:39:53 0 [Note] InnoDB: Setting file 'C:\xampp\mysql\data\ibtmp1' size to 12 MB. Physically writing the file full; Please wait ...
2024-05-08 13:39:53 0 [Note] InnoDB: File 'C:\xampp\mysql\data\ibtmp1' size is now 12 MB.
2024-05-08 13:39:53 0 [Note] InnoDB: Waiting for purge to start
2024-05-08 13:39:53 0 [Note] InnoDB: 10.4.32 started; log sequence number 308189; transaction id 250
2024-05-08 13:39:53 0 [Note] InnoDB: Loading buffer pool(s) from C:\xampp\mysql\data\ib_buffer_pool
2024-05-08 13:39:53 0 [Note] Plugin 'FEEDBACK' is disabled.
2024-05-08 13:39:53 0 [Note] Server socket created on IP: '::'.
2024-05-09  0:01:27 0 [Note] Starting MariaDB 10.4.32-MariaDB source revision c4143f909528e3fab0677a28631d10389354c491 as process 15644
2024-05-09  0:01:27 0 [Note] InnoDB: Mutexes and rw_locks use Windows interlocked functions
2024-05-09  0:01:27 0 [Note] InnoDB: Uses event mutexes
2024-05-09  0:01:27 0 [Note] InnoDB: Compressed tables use zlib 1.3
2024-05-09  0:01:27 0 [Note] InnoDB: Number of pools: 1
2024-05-09  0:01:27 0 [Note] InnoDB: Using SSE2 crc32 instructions
2024-05-09  0:01:27 0 [Note] InnoDB: Initializing buffer pool, total size = 16M, instances = 1, chunk size = 16M
2024-05-09  0:01:27 0 [Note] InnoDB: Completed initialization of buffer pool
2024-05-09  0:01:27 0 [Note] InnoDB: Starting crash recovery from checkpoint LSN=308896
2024-05-09  0:01:28 0 [Note] InnoDB: 128 out of 128 rollback segments are active.
2024-05-09  0:01:28 0 [Note] InnoDB: Removed temporary tablespace data file: "ibtmp1"
2024-05-09  0:01:28 0 [Note] InnoDB: Creating shared tablespace for temporary tables
2024-05-09  0:01:28 0 [Note] InnoDB: Setting file 'C:\xampp\mysql\data\ibtmp1' size to 12 MB. Physically writing the file full; Please wait ...
2024-05-09  0:01:28 0 [Note] InnoDB: File 'C:\xampp\mysql\data\ibtmp1' size is now 12 MB.
2024-05-09  0:01:28 0 [Note] InnoDB: Waiting for purge to start
2024-05-09  0:01:28 0 [Note] InnoDB: 10.4.32 started; log sequence number 308905; transaction id 276
2024-05-09  0:01:28 0 [Note] InnoDB: Loading buffer pool(s) from C:\xampp\mysql\data\ib_buffer_pool
2024-05-09  0:01:28 0 [Note] Plugin 'FEEDBACK' is disabled.
2024-05-09  0:01:28 0 [Note] Server socket created on IP: '::'.
2024-05-09  0:01:28 0 [Note] InnoDB: Buffer pool(s) load completed at 240509  0:01:28
2024-05-09 13:47:12 0 [Note] Starting MariaDB 10.4.32-MariaDB source revision c4143f909528e3fab0677a28631d10389354c491 as process 7048
2024-05-09 13:47:12 0 [Note] InnoDB: Mutexes and rw_locks use Windows interlocked functions
2024-05-09 13:47:12 0 [Note] InnoDB: Uses event mutexes
2024-05-09 13:47:12 0 [Note] InnoDB: Compressed tables use zlib 1.3
2024-05-09 13:47:12 0 [Note] InnoDB: Number of pools: 1
2024-05-09 13:47:12 0 [Note] InnoDB: Using SSE2 crc32 instructions
2024-05-09 13:47:12 0 [Note] InnoDB: Initializing buffer pool, total size = 16M, instances = 1, chunk size = 16M
2024-05-09 13:47:12 0 [Note] InnoDB: Completed initialization of buffer pool
2024-05-09 13:47:12 0 [Note] InnoDB: Starting crash recovery from checkpoint LSN=309635
2024-05-09 13:47:12 0 [Note] InnoDB: 128 out of 128 rollback segments are active.
2024-05-09 13:47:12 0 [Note] InnoDB: Removed temporary tablespace data file: "ibtmp1"
2024-05-09 13:47:12 0 [Note] InnoDB: Creating shared tablespace for temporary tables
2024-05-09 13:47:12 0 [Note] InnoDB: Setting file 'C:\xampp\mysql\data\ibtmp1' size to 12 MB. Physically writing the file full; Please wait ...
2024-05-09 13:47:12 0 [Note] InnoDB: File 'C:\xampp\mysql\data\ibtmp1' size is now 12 MB.
2024-05-09 13:47:12 0 [Note] InnoDB: Waiting for purge to start
2024-05-09 13:47:12 0 [Note] InnoDB: 10.4.32 started; log sequence number 309644; transaction id 302
2024-05-09 13:47:12 0 [Note] InnoDB: Loading buffer pool(s) from C:\xampp\mysql\data\ib_buffer_pool
2024-05-09 13:47:12 0 [Note] Plugin 'FEEDBACK' is disabled.
2024-05-09 13:47:12 0 [Note] InnoDB: Buffer pool(s) load completed at 240509 13:47:12
2024-05-09 13:47:12 0 [Note] Server socket created on IP: '::'.
2024-05-09 13:47:41 0 [Note] Starting MariaDB 10.4.32-MariaDB source revision c4143f909528e3fab0677a28631d10389354c491 as process 4548
2024-05-09 13:47:41 0 [Note] InnoDB: Mutexes and rw_locks use Windows interlocked functions
2024-05-09 13:47:41 0 [Note] InnoDB: Uses event mutexes
2024-05-09 13:47:41 0 [Note] InnoDB: Compressed tables use zlib 1.3
2024-05-09 13:47:41 0 [Note] InnoDB: Number of pools: 1
2024-05-09 13:47:41 0 [Note] InnoDB: Using SSE2 crc32 instructions
2024-05-09 13:47:41 0 [Note] InnoDB: Initializing buffer pool, total size = 16M, instances = 1, chunk size = 16M
2024-05-09 13:47:41 0 [Note] InnoDB: Completed initialization of buffer pool
2024-05-09 13:47:41 0 [Note] InnoDB: Starting crash recovery from checkpoint LSN=309635
2024-05-09 13:47:41 0 [Note] InnoDB: 128 out of 128 rollback segments are active.
2024-05-09 13:47:41 0 [Note] InnoDB: Removed temporary tablespace data file: "ibtmp1"
2024-05-09 13:47:41 0 [Note] InnoDB: Creating shared tablespace for temporary tables
2024-05-09 13:47:41 0 [Note] InnoDB: Setting file 'C:\xampp\mysql\data\ibtmp1' size to 12 MB. Physically writing the file full; Please wait ...
2024-05-09 13:47:41 0 [Note] InnoDB: File 'C:\xampp\mysql\data\ibtmp1' size is now 12 MB.
2024-05-09 13:47:41 0 [Note] InnoDB: Waiting for purge to start
2024-05-09 13:47:42 0 [Note] InnoDB: 10.4.32 started; log sequence number 309644; transaction id 302
2024-05-09 13:47:42 0 [Note] InnoDB: Loading buffer pool(s) from C:\xampp\mysql\data\ib_buffer_pool
2024-05-09 13:47:42 0 [Note] Plugin 'FEEDBACK' is disabled.
2024-05-09 13:47:42 0 [Note] Server socket created on IP: '::'.
2024-05-09 13:51:30 0 [Note] Starting MariaDB 10.4.32-MariaDB source revision c4143f909528e3fab0677a28631d10389354c491 as process 6676
2024-05-09 13:51:30 0 [Note] InnoDB: Mutexes and rw_locks use Windows interlocked functions
2024-05-09 13:51:30 0 [Note] InnoDB: Uses event mutexes
2024-05-09 13:51:30 0 [Note] InnoDB: Compressed tables use zlib 1.3
2024-05-09 13:51:30 0 [Note] InnoDB: Number of pools: 1
2024-05-09 13:51:30 0 [Note] InnoDB: Using SSE2 crc32 instructions
2024-05-09 13:51:30 0 [Note] InnoDB: Initializing buffer pool, total size = 16M, instances = 1, chunk size = 16M
2024-05-09 13:51:30 0 [Note] InnoDB: Completed initialization of buffer pool
2024-05-09 13:51:30 0 [Note] InnoDB: Starting crash recovery from checkpoint LSN=309970
2024-05-09 13:51:30 0 [Note] InnoDB: 128 out of 128 rollback segments are active.
2024-05-09 13:51:30 0 [Note] InnoDB: Removed temporary tablespace data file: "ibtmp1"
2024-05-09 13:51:30 0 [Note] InnoDB: Creating shared tablespace for temporary tables
2024-05-09 13:51:30 0 [Note] InnoDB: Setting file 'C:\xampp\mysql\data\ibtmp1' size to 12 MB. Physically writing the file full; Please wait ...
2024-05-09 13:51:30 0 [Note] InnoDB: File 'C:\xampp\mysql\data\ibtmp1' size is now 12 MB.
2024-05-09 13:51:30 0 [Note] InnoDB: Waiting for purge to start
2024-05-09 13:51:30 0 [Note] InnoDB: 10.4.32 started; log sequence number 309979; transaction id 325
2024-05-09 13:51:30 0 [Note] InnoDB: Loading buffer pool(s) from C:\xampp\mysql\data\ib_buffer_pool
2024-05-09 13:51:30 0 [Note] Plugin 'FEEDBACK' is disabled.
2024-05-09 13:51:30 0 [Note] Server socket created on IP: '::'.
2024-05-09 14:37:13 0 [Note] Starting MariaDB 10.4.32-MariaDB source revision c4143f909528e3fab0677a28631d10389354c491 as process 14152
2024-05-09 14:37:13 0 [Note] InnoDB: Mutexes and rw_locks use Windows interlocked functions
2024-05-09 14:37:13 0 [Note] InnoDB: Uses event mutexes
2024-05-09 14:37:13 0 [Note] InnoDB: Compressed tables use zlib 1.3
2024-05-09 14:37:13 0 [Note] InnoDB: Number of pools: 1
2024-05-09 14:37:13 0 [Note] InnoDB: Using SSE2 crc32 instructions
2024-05-09 14:37:13 0 [Note] InnoDB: Initializing buffer pool, total size = 16M, instances = 1, chunk size = 16M
2024-05-09 14:37:13 0 [Note] InnoDB: Completed initialization of buffer pool
2024-05-09 14:37:13 0 [Note] InnoDB: Starting crash recovery from checkpoint LSN=311108
2024-05-09 14:37:14 0 [Note] InnoDB: 128 out of 128 rollback segments are active.
2024-05-09 14:37:14 0 [Note] InnoDB: Removed temporary tablespace data file: "ibtmp1"
2024-05-09 14:37:14 0 [Note] InnoDB: Creating shared tablespace for temporary tables
2024-05-09 14:37:14 0 [Note] InnoDB: Setting file 'C:\xampp\mysql\data\ibtmp1' size to 12 MB. Physically writing the file full; Please wait ...
2024-05-09 14:37:14 0 [Note] InnoDB: File 'C:\xampp\mysql\data\ibtmp1' size is now 12 MB.
2024-05-09 14:37:14 0 [Note] InnoDB: Waiting for purge to start
2024-05-09 14:37:14 0 [Note] InnoDB: 10.4.32 started; log sequence number 311117; transaction id 353
2024-05-09 14:37:14 0 [Note] InnoDB: Loading buffer pool(s) from C:\xampp\mysql\data\ib_buffer_pool
2024-05-09 14:37:14 0 [Note] Plugin 'FEEDBACK' is disabled.
2024-05-09 14:37:14 0 [Note] InnoDB: Buffer pool(s) load completed at 240509 14:37:14
2024-05-09 14:37:14 0 [Note] Server socket created on IP: '::'.
